INFO  [alembic.runtime.migration] Context impl PostgresqlImpl.
INFO  [alembic.runtime.migration] Will assume transactional DDL.
INFO  [alembic.runtime.migration] Running upgrade 5248104e4507 -> 6a4057200ad1, consolidate_seed_data
Traceback (most recent call last):
  File "C:\Users\Gene\AppData\Roaming\Python\Python311\site-packages\sqlalchemy\engine\base.py", line 1967, in _exec_single_context
    self.dialect.do_execute(
  File "C:\Users\Gene\AppData\Roaming\Python\Python311\site-packages\sqlalchemy\engine\default.py", line 952, in do_execute
    cursor.execute(statement, parameters)
psycopg2.errors.UndefinedColumn: column "is_active" of relation "admin_users" does not exist
LINE 2: ..._users (id, username, password_hash, email, role, is_active)...
                                                             ^


The above exception was the direct cause of the following exception:

Traceback (most recent call last):
  File "<frozen runpy>", line 198, in _run_module_as_main
  File "<frozen runpy>", line 88, in _run_code
  File "C:\Users\Gene\AppData\Roaming\Python\Python311\site-packages\alembic\__main__.py", line 4, in <module>
    main(prog="alembic")
  File "C:\Users\Gene\AppData\Roaming\Python\Python311\site-packages\alembic\config.py", line 641, in main
    CommandLine(prog=prog).main(argv=argv)
  File "C:\Users\Gene\AppData\Roaming\Python\Python311\site-packages\alembic\config.py", line 631, in main
    self.run_cmd(cfg, options)
  File "C:\Users\Gene\AppData\Roaming\Python\Python311\site-packages\alembic\config.py", line 608, in run_cmd
    fn(
  File "C:\Users\Gene\AppData\Roaming\Python\Python311\site-packages\alembic\command.py", line 403, in upgrade
    script.run_env()
  File "C:\Users\Gene\AppData\Roaming\Python\Python311\site-packages\alembic\script\base.py", line 583, in run_env
    util.load_python_file(self.dir, "env.py")
  File "C:\Users\Gene\AppData\Roaming\Python\Python311\site-packages\alembic\util\pyfiles.py", line 95, in load_python_file
    module = load_module_py(module_id, path)
             ^^^^^^^^^^^^^^^^^^^^^^^^^^^^^^^
  File "C:\Users\Gene\AppData\Roaming\Python\Python311\site-packages\alembic\util\pyfiles.py", line 113, in load_module_py
    spec.loader.exec_module(module)  # type: ignore
    ^^^^^^^^^^^^^^^^^^^^^^^^^^^^^^^
  File "<frozen importlib._bootstrap_external>", line 940, in exec_module
  File "<frozen importlib._bootstrap>", line 241, in _call_with_frames_removed
  File "C:\Apache24\htdocs\BHCARE\backEnd/migrations\env.py", line 95, in <module>
    run_migrations_online()
  File "C:\Apache24\htdocs\BHCARE\backEnd/migrations\env.py", line 89, in run_migrations_online
    context.run_migrations()
  File "<string>", line 8, in run_migrations
  File "C:\Users\Gene\AppData\Roaming\Python\Python311\site-packages\alembic\runtime\environment.py", line 948, in run_migrations
    self.get_context().run_migrations(**kw)
  File "C:\Users\Gene\AppData\Roaming\Python\Python311\site-packages\alembic\runtime\migration.py", line 627, in run_migrations
    step.migration_fn(**kw)
  File "C:\Apache24\htdocs\BHCARE\backEnd\migrations\versions\6a4057200ad1_consolidate_seed_data.py", line 64, in upgrade
    op.execute("""
  File "<string>", line 8, in execute
  File "<string>", line 3, in execute
  File "C:\Users\Gene\AppData\Roaming\Python\Python311\site-packages\alembic\operations\ops.py", line 2537, in execute
    return operations.invoke(op)
           ^^^^^^^^^^^^^^^^^^^^^
  File "C:\Users\Gene\AppData\Roaming\Python\Python311\site-packages\alembic\operations\base.py", line 445, in invoke
    return fn(self, operation)
           ^^^^^^^^^^^^^^^^^^^
  File "C:\Users\Gene\AppData\Roaming\Python\Python311\site-packages\alembic\operations\toimpl.py", line 224, in execute_sql
    operations.migration_context.impl.execute(
  File "C:\Users\Gene\AppData\Roaming\Python\Python311\site-packages\alembic\ddl\impl.py", line 214, in execute
    self._exec(sql, execution_options)
  File "C:\Users\Gene\AppData\Roaming\Python\Python311\site-packages\alembic\ddl\impl.py", line 207, in _exec
    return conn.execute(construct, multiparams)
           ^^^^^^^^^^^^^^^^^^^^^^^^^^^^^^^^^^^^
  File "C:\Users\Gene\AppData\Roaming\Python\Python311\site-packages\sqlalchemy\engine\base.py", line 1419, in execute
    return meth(
           ^^^^^
  File "C:\Users\Gene\AppData\Roaming\Python\Python311\site-packages\sqlalchemy\sql\elements.py", line 527, in _execute_on_connection
    return connection._execute_clauseelement(
           ^^^^^^^^^^^^^^^^^^^^^^^^^^^^^^^^^^
  File "C:\Users\Gene\AppData\Roaming\Python\Python311\site-packages\sqlalchemy\engine\base.py", line 1641, in _execute_clauseelement
    ret = self._execute_context(
          ^^^^^^^^^^^^^^^^^^^^^^
  File "C:\Users\Gene\AppData\Roaming\Python\Python311\site-packages\sqlalchemy\engine\base.py", line 1846, in _execute_context
    return self._exec_single_context(
           ^^^^^^^^^^^^^^^^^^^^^^^^^^
  File "C:\Users\Gene\AppData\Roaming\Python\Python311\site-packages\sqlalchemy\engine\base.py", line 1986, in _exec_single_context
    self._handle_dbapi_exception(
  File "C:\Users\Gene\AppData\Roaming\Python\Python311\site-packages\sqlalchemy\engine\base.py", line 2363, in _handle_dbapi_exception
    raise sqlalchemy_exception.with_traceback(exc_info[2]) from e
  File "C:\Users\Gene\AppData\Roaming\Python\Python311\site-packages\sqlalchemy\engine\base.py", line 1967, in _exec_single_context
    self.dialect.do_execute(
  File "C:\Users\Gene\AppData\Roaming\Python\Python311\site-packages\sqlalchemy\engine\default.py", line 952, in do_execute
    cursor.execute(statement, parameters)
sqlalchemy.exc.ProgrammingError: (psycopg2.errors.UndefinedColumn) column "is_active" of relation "admin_users" does not exist
LINE 2: ..._users (id, username, password_hash, email, role, is_active)...
                                                             ^

[SQL: 
        INSERT INTO admin_users (id, username, password_hash, email, role, is_active) VALUES
        (1, 'admin', '$2b$12$LQv3c1yqBWVHxkd0LHAkCOYz6TtxMQJqhN8/LewY5GyYIxKTvQiOe', 'admin@bhcare.local', 'admin', true)
        ON CONFLICT (id) DO NOTHING
    ]
(Background on this error at: https://sqlalche.me/e/20/f405)
